CRITICAL - 2026-06-24 08:12:12 --> TypeError: App\Controllers\ReservationController::catalogue(): Return value must be of type string, null returned
[Method: GET, Route: reservation/catalogue]
in APPPATH/Controllers/ReservationController.php on line 12.
 1 SYSTEMPATH/CodeIgniter.php(951): App\Controllers\ReservationController->catalogue()
 2 SYSTEMPATH/CodeIgniter.php(497): CodeIgniter\CodeIgniter->runController()
 3 SYSTEMPATH/CodeIgniter.php(340): CodeIgniter\CodeIgniter->handleRequest()
 4 SYSTEMPATH/Boot.php(417): CodeIgniter\CodeIgniter->run()
 5 SYSTEMPATH/Boot.php(68): CodeIgniter\Boot::runCodeIgniter()
 6 FCPATH/index.php(59): CodeIgniter\Boot::bootWeb()
 7 SYSTEMPATH/rewrite.php(44): require_once('/home/stephanie/Bureau/ITU/S4/Projets/KopV/Desktop/public/index.php')
CRITICAL - 2026-06-24 08:12:14 --> TypeError: App\Controllers\ReservationController::catalogue(): Return value must be of type string, null returned
[Method: GET, Route: reservation/catalogue]
in APPPATH/Controllers/ReservationController.php on line 12.
 1 SYSTEMPATH/CodeIgniter.php(951): App\Controllers\ReservationController->catalogue()
 2 SYSTEMPATH/CodeIgniter.php(497): CodeIgniter\CodeIgniter->runController()
 3 SYSTEMPATH/CodeIgniter.php(340): CodeIgniter\CodeIgniter->handleRequest()
 4 SYSTEMPATH/Boot.php(417): CodeIgniter\CodeIgniter->run()
 5 SYSTEMPATH/Boot.php(68): CodeIgniter\Boot::runCodeIgniter()
 6 FCPATH/index.php(59): CodeIgniter\Boot::bootWeb()
 7 SYSTEMPATH/rewrite.php(44): require_once('/home/stephanie/Bureau/ITU/S4/Projets/KopV/Desktop/public/index.php')
CRITICAL - 2026-06-24 08:12:39 --> TypeError: App\Controllers\ReservationController::catalogue(): Return value must be of type string, null returned
[Method: GET, Route: reservations/catalogue]
in APPPATH/Controllers/ReservationController.php on line 12.
 1 SYSTEMPATH/CodeIgniter.php(951): App\Controllers\ReservationController->catalogue()
 2 SYSTEMPATH/CodeIgniter.php(497): CodeIgniter\CodeIgniter->runController()
 3 SYSTEMPATH/CodeIgniter.php(340): CodeIgniter\CodeIgniter->handleRequest()
 4 SYSTEMPATH/Boot.php(417): CodeIgniter\CodeIgniter->run()
 5 SYSTEMPATH/Boot.php(68): CodeIgniter\Boot::runCodeIgniter()
 6 FCPATH/index.php(59): CodeIgniter\Boot::bootWeb()
 7 SYSTEMPATH/rewrite.php(44): require_once('/home/stephanie/Bureau/ITU/S4/Projets/KopV/Desktop/public/index.php')
CRITICAL - 2026-06-24 08:12:52 --> TypeError: App\Controllers\ReservationController::catalogue(): Return value must be of type string, null returned
[Method: GET, Route: reservations/catalogue]
in APPPATH/Controllers/ReservationController.php on line 12.
 1 SYSTEMPATH/CodeIgniter.php(951): App\Controllers\ReservationController->catalogue()
 2 SYSTEMPATH/CodeIgniter.php(497): CodeIgniter\CodeIgniter->runController()
 3 SYSTEMPATH/CodeIgniter.php(340): CodeIgniter\CodeIgniter->handleRequest()
 4 SYSTEMPATH/Boot.php(417): CodeIgniter\CodeIgniter->run()
 5 SYSTEMPATH/Boot.php(68): CodeIgniter\Boot::runCodeIgniter()
 6 FCPATH/index.php(59): CodeIgniter\Boot::bootWeb()
 7 SYSTEMPATH/rewrite.php(44): require_once('/home/stephanie/Bureau/ITU/S4/Projets/KopV/Desktop/public/index.php')
CRITICAL - 2026-06-24 08:12:52 --> TypeError: App\Controllers\ReservationController::catalogue(): Return value must be of type string, null returned
[Method: GET, Route: reservations/catalogue]
in APPPATH/Controllers/ReservationController.php on line 12.
 1 SYSTEMPATH/CodeIgniter.php(951): App\Controllers\ReservationController->catalogue()
 2 SYSTEMPATH/CodeIgniter.php(497): CodeIgniter\CodeIgniter->runController()
 3 SYSTEMPATH/CodeIgniter.php(340): CodeIgniter\CodeIgniter->handleRequest()
 4 SYSTEMPATH/Boot.php(417): CodeIgniter\CodeIgniter->run()
 5 SYSTEMPATH/Boot.php(68): CodeIgniter\Boot::runCodeIgniter()
 6 FCPATH/index.php(59): CodeIgniter\Boot::bootWeb()
 7 SYSTEMPATH/rewrite.php(44): require_once('/home/stephanie/Bureau/ITU/S4/Projets/KopV/Desktop/public/index.php')
CRITICAL - 2026-06-24 08:12:53 --> TypeError: App\Controllers\ReservationController::catalogue(): Return value must be of type string, null returned
[Method: GET, Route: reservations/catalogue]
in APPPATH/Controllers/ReservationController.php on line 12.
 1 SYSTEMPATH/CodeIgniter.php(951): App\Controllers\ReservationController->catalogue()
 2 SYSTEMPATH/CodeIgniter.php(497): CodeIgniter\CodeIgniter->runController()
 3 SYSTEMPATH/CodeIgniter.php(340): CodeIgniter\CodeIgniter->handleRequest()
 4 SYSTEMPATH/Boot.php(417): CodeIgniter\CodeIgniter->run()
 5 SYSTEMPATH/Boot.php(68): CodeIgniter\Boot::runCodeIgniter()
 6 FCPATH/index.php(59): CodeIgniter\Boot::bootWeb()
 7 SYSTEMPATH/rewrite.php(44): require_once('/home/stephanie/Bureau/ITU/S4/Projets/KopV/Desktop/public/index.php')
CRITICAL - 2026-06-24 08:12:53 --> TypeError: App\Controllers\ReservationController::catalogue(): Return value must be of type string, null returned
[Method: GET, Route: reservations/catalogue]
in APPPATH/Controllers/ReservationController.php on line 12.
 1 SYSTEMPATH/CodeIgniter.php(951): App\Controllers\ReservationController->catalogue()
 2 SYSTEMPATH/CodeIgniter.php(497): CodeIgniter\CodeIgniter->runController()
 3 SYSTEMPATH/CodeIgniter.php(340): CodeIgniter\CodeIgniter->handleRequest()
 4 SYSTEMPATH/Boot.php(417): CodeIgniter\CodeIgniter->run()
 5 SYSTEMPATH/Boot.php(68): CodeIgniter\Boot::runCodeIgniter()
 6 FCPATH/index.php(59): CodeIgniter\Boot::bootWeb()
 7 SYSTEMPATH/rewrite.php(44): require_once('/home/stephanie/Bureau/ITU/S4/Projets/KopV/Desktop/public/index.php')
CRITICAL - 2026-06-24 08:13:14 --> TypeError: App\Controllers\ReservationController::catalogue(): Return value must be of type string, null returned
[Method: GET, Route: reservations/catalogue]
in APPPATH/Controllers/ReservationController.php on line 12.
 1 SYSTEMPATH/CodeIgniter.php(951): App\Controllers\ReservationController->catalogue()
 2 SYSTEMPATH/CodeIgniter.php(497): CodeIgniter\CodeIgniter->runController()
 3 SYSTEMPATH/CodeIgniter.php(340): CodeIgniter\CodeIgniter->handleRequest()
 4 SYSTEMPATH/Boot.php(417): CodeIgniter\CodeIgniter->run()
 5 SYSTEMPATH/Boot.php(68): CodeIgniter\Boot::runCodeIgniter()
 6 FCPATH/index.php(59): CodeIgniter\Boot::bootWeb()
 7 SYSTEMPATH/rewrite.php(44): require_once('/home/stephanie/Bureau/ITU/S4/Projets/KopV/Desktop/public/index.php')
CRITICAL - 2026-06-24 08:13:15 --> TypeError: App\Controllers\ReservationController::catalogue(): Return value must be of type string, null returned
[Method: GET, Route: reservations/catalogue]
in APPPATH/Controllers/ReservationController.php on line 12.
 1 SYSTEMPATH/CodeIgniter.php(951): App\Controllers\ReservationController->catalogue()
 2 SYSTEMPATH/CodeIgniter.php(497): CodeIgniter\CodeIgniter->runController()
 3 SYSTEMPATH/CodeIgniter.php(340): CodeIgniter\CodeIgniter->handleRequest()
 4 SYSTEMPATH/Boot.php(417): CodeIgniter\CodeIgniter->run()
 5 SYSTEMPATH/Boot.php(68): CodeIgniter\Boot::runCodeIgniter()
 6 FCPATH/index.php(59): CodeIgniter\Boot::bootWeb()
 7 SYSTEMPATH/rewrite.php(44): require_once('/home/stephanie/Bureau/ITU/S4/Projets/KopV/Desktop/public/index.php')
CRITICAL - 2026-06-24 08:13:15 --> TypeError: App\Controllers\ReservationController::catalogue(): Return value must be of type string, null returned
[Method: GET, Route: reservations/catalogue]
in APPPATH/Controllers/ReservationController.php on line 12.
 1 SYSTEMPATH/CodeIgniter.php(951): App\Controllers\ReservationController->catalogue()
 2 SYSTEMPATH/CodeIgniter.php(497): CodeIgniter\CodeIgniter->runController()
 3 SYSTEMPATH/CodeIgniter.php(340): CodeIgniter\CodeIgniter->handleRequest()
 4 SYSTEMPATH/Boot.php(417): CodeIgniter\CodeIgniter->run()
 5 SYSTEMPATH/Boot.php(68): CodeIgniter\Boot::runCodeIgniter()
 6 FCPATH/index.php(59): CodeIgniter\Boot::bootWeb()
 7 SYSTEMPATH/rewrite.php(44): require_once('/home/stephanie/Bureau/ITU/S4/Projets/KopV/Desktop/public/index.php')
CRITICAL - 2026-06-24 08:13:16 --> TypeError: App\Controllers\ReservationController::catalogue(): Return value must be of type string, null returned
[Method: GET, Route: reservations/catalogue]
in APPPATH/Controllers/ReservationController.php on line 12.
 1 SYSTEMPATH/CodeIgniter.php(951): App\Controllers\ReservationController->catalogue()
 2 SYSTEMPATH/CodeIgniter.php(497): CodeIgniter\CodeIgniter->runController()
 3 SYSTEMPATH/CodeIgniter.php(340): CodeIgniter\CodeIgniter->handleRequest()
 4 SYSTEMPATH/Boot.php(417): CodeIgniter\CodeIgniter->run()
 5 SYSTEMPATH/Boot.php(68): CodeIgniter\Boot::runCodeIgniter()
 6 FCPATH/index.php(59): CodeIgniter\Boot::bootWeb()
 7 SYSTEMPATH/rewrite.php(44): require_once('/home/stephanie/Bureau/ITU/S4/Projets/KopV/Desktop/public/index.php')
CRITICAL - 2026-06-24 08:13:39 --> TypeError: App\Controllers\ReservationController::catalogue(): Return value must be of type string, null returned
[Method: GET, Route: reservations/catalogue]
in APPPATH/Controllers/ReservationController.php on line 12.
 1 SYSTEMPATH/CodeIgniter.php(951): App\Controllers\ReservationController->catalogue()
 2 SYSTEMPATH/CodeIgniter.php(497): CodeIgniter\CodeIgniter->runController()
 3 SYSTEMPATH/CodeIgniter.php(340): CodeIgniter\CodeIgniter->handleRequest()
 4 SYSTEMPATH/Boot.php(417): CodeIgniter\CodeIgniter->run()
 5 SYSTEMPATH/Boot.php(68): CodeIgniter\Boot::runCodeIgniter()
 6 FCPATH/index.php(59): CodeIgniter\Boot::bootWeb()
 7 SYSTEMPATH/rewrite.php(44): require_once('/home/stephanie/Bureau/ITU/S4/Projets/KopV/Desktop/public/index.php')
CRITICAL - 2026-06-24 10:26:29 --> ParseError: syntax error, unexpected token "<", expecting end of file
[Method: POST, Route: reservations/catalogue]
in APPPATH/Views/catalogue-voyages.php on line 230.
 1 SYSTEMPATH/View/View.php(243): CodeIgniter\View\View->CodeIgniter\View\{closure}()
 2 SYSTEMPATH/Common.php(1250): CodeIgniter\View\View->render()
 3 APPPATH/Controllers/ReservationController.php(33): view()
 4 SYSTEMPATH/CodeIgniter.php(951): App\Controllers\ReservationController->catalogue()
 5 SYSTEMPATH/CodeIgniter.php(497): CodeIgniter\CodeIgniter->runController()
 6 SYSTEMPATH/CodeIgniter.php(340): CodeIgniter\CodeIgniter->handleRequest()
 7 SYSTEMPATH/Boot.php(417): CodeIgniter\CodeIgniter->run()
 8 SYSTEMPATH/Boot.php(68): CodeIgniter\Boot::runCodeIgniter()
 9 FCPATH/index.php(59): CodeIgniter\Boot::bootWeb()
10 SYSTEMPATH/rewrite.php(44): require_once('/home/stephanie/Bureau/ITU/S4/Projets/KopV/fronted/public/index.php')
CRITICAL - 2026-06-24 10:29:48 --> ParseError: syntax error, unexpected token "<", expecting end of file
[Method: POST, Route: reservations/catalogue]
in APPPATH/Views/catalogue-voyages.php on line 230.
 1 SYSTEMPATH/View/View.php(243): CodeIgniter\View\View->CodeIgniter\View\{closure}()
 2 SYSTEMPATH/Common.php(1250): CodeIgniter\View\View->render()
 3 APPPATH/Controllers/ReservationController.php(33): view()
 4 SYSTEMPATH/CodeIgniter.php(951): App\Controllers\ReservationController->catalogue()
 5 SYSTEMPATH/CodeIgniter.php(497): CodeIgniter\CodeIgniter->runController()
 6 SYSTEMPATH/CodeIgniter.php(340): CodeIgniter\CodeIgniter->handleRequest()
 7 SYSTEMPATH/Boot.php(417): CodeIgniter\CodeIgniter->run()
 8 SYSTEMPATH/Boot.php(68): CodeIgniter\Boot::runCodeIgniter()
 9 FCPATH/index.php(59): CodeIgniter\Boot::bootWeb()
10 SYSTEMPATH/rewrite.php(44): require_once('/home/stephanie/Bureau/ITU/S4/Projets/KopV/fronted/public/index.php')
CRITICAL - 2026-06-24 10:29:53 --> ParseError: syntax error, unexpected token "<", expecting end of file
[Method: POST, Route: reservations/catalogue]
in APPPATH/Views/catalogue-voyages.php on line 230.
 1 SYSTEMPATH/View/View.php(243): CodeIgniter\View\View->CodeIgniter\View\{closure}()
 2 SYSTEMPATH/Common.php(1250): CodeIgniter\View\View->render()
 3 APPPATH/Controllers/ReservationController.php(33): view()
 4 SYSTEMPATH/CodeIgniter.php(951): App\Controllers\ReservationController->catalogue()
 5 SYSTEMPATH/CodeIgniter.php(497): CodeIgniter\CodeIgniter->runController()
 6 SYSTEMPATH/CodeIgniter.php(340): CodeIgniter\CodeIgniter->handleRequest()
 7 SYSTEMPATH/Boot.php(417): CodeIgniter\CodeIgniter->run()
 8 SYSTEMPATH/Boot.php(68): CodeIgniter\Boot::runCodeIgniter()
 9 FCPATH/index.php(59): CodeIgniter\Boot::bootWeb()
10 SYSTEMPATH/rewrite.php(44): require_once('/home/stephanie/Bureau/ITU/S4/Projets/KopV/fronted/public/index.php')
